<?xml version="1.0" encoding="UTF-8"?>
<testsuite name="wad.FieldsTest" time="4.183" tests="9" errors="0" skipped="0" failures="0">
  <properties>
[...]
</properties>
  <testcase name="logoutSuccessful" classname="wad.FieldsTest" time="2.286"/>
  <testcase name="postmanSeesForm" classname="wad.FieldsTest" time="0.442"/>
  <testcase name="postmanCanSubmitForm" classname="wad.FieldsTest" time="0.435"/>
  <testcase name="noAuthOnWrongPassword" classname="wad.FieldsTest" time="0.235"/>
  <testcase name="userDoesNotSeeForm" classname="wad.FieldsTest" time="0.174"/>
  <testcase name="shouldSeeLoginPageOnAccessingMessages" classname="wad.FieldsTest" time="0.031"/>
  <testcase name="userCantHackForm" classname="wad.FieldsTest" time="0.261"/>
  <testcase name="authSuccessfulAsUser" classname="wad.FieldsTest" time="0.26"/>
  <testcase name="pageShouldNotBeDirectlyAccessible" classname="wad.FieldsTest" time="0.059"/>
</testsuite>